#! /opt/homebrew/Cellar/icarus-verilog/12.0/bin/vvp
:ivl_version "12.0 (stable)";
:ivl_delay_selection "TYPICAL";
:vpi_time_precision + 0;
:vpi_module "/opt/homebrew/Cellar/icarus-verilog/12.0/lib/ivl/system.vpi";
:vpi_module "/opt/homebrew/Cellar/icarus-verilog/12.0/lib/ivl/vhdl_sys.vpi";
:vpi_module "/opt/homebrew/Cellar/icarus-verilog/12.0/lib/ivl/vhdl_textio.vpi";
:vpi_module "/opt/homebrew/Cellar/icarus-verilog/12.0/lib/ivl/v2005_math.vpi";
:vpi_module "/opt/homebrew/Cellar/icarus-verilog/12.0/lib/ivl/va_math.vpi";
:vpi_module "/opt/homebrew/Cellar/icarus-verilog/12.0/lib/ivl/v2009.vpi";
S_0x137f04290 .scope package, "$unit" "$unit" 2 1;
 .timescale 0 0;
S_0x137f04400 .scope module, "i2s_transmitter" "i2s_transmitter" 3 1;
 .timescale 0 0;
    .port_info 0 /INPUT 1 "clk";
    .port_info 1 /INPUT 1 "rst";
    .port_info 2 /INPUT 8 "tone_half_period";
    .port_info 3 /OUTPUT 1 "bit_clock";
    .port_info 4 /OUTPUT 1 "word_select";
    .port_info 5 /OUTPUT 1 "sound_data";
v0x60000278c120_0 .var "bit_clock", 0 0;
v0x60000278c1b0_0 .var "bit_clock_timer", 1 0;
v0x60000278c240_0 .var "bit_counter", 5 0;
o0x1380400a0 .functor BUFZ 1, C4<z>; HiZ drive
v0x60000278c2d0_0 .net "clk", 0 0, o0x1380400a0;  0 drivers
o0x1380400d0 .functor BUFZ 1, C4<z>; HiZ drive
v0x60000278c360_0 .net "rst", 0 0, o0x1380400d0;  0 drivers
v0x60000278c3f0_0 .var "sound_bits", 15 0;
v0x60000278c480_0 .var "sound_data", 0 0;
o0x138040160 .functor BUFZ 8, C4<zzzzzzzz>; HiZ drive
v0x60000278c510_0 .net "tone_half_period", 7 0, o0x138040160;  0 drivers
v0x60000278c5a0_0 .var "tone_timer", 7 0;
v0x60000278c630_0 .var "word_select", 0 0;
E_0x60000008a180/0 .event negedge, v0x60000278c360_0;
E_0x60000008a180/1 .event posedge, v0x60000278c120_0;
E_0x60000008a180 .event/or E_0x60000008a180/0, E_0x60000008a180/1;
E_0x60000008a1c0/0 .event negedge, v0x60000278c360_0;
E_0x60000008a1c0/1 .event posedge, v0x60000278c2d0_0;
E_0x60000008a1c0 .event/or E_0x60000008a1c0/0, E_0x60000008a1c0/1;
    .scope S_0x137f04400;
T_0 ;
    %wait E_0x60000008a1c0;
    %load/vec4 v0x60000278c360_0;
    %nor/r;
    %flag_set/vec4 8;
    %jmp/0xz  T_0.0, 8;
    %pushi/vec4 0, 0, 2;
    %assign/vec4 v0x60000278c1b0_0, 0;
    %pushi/vec4 0, 0, 1;
    %assign/vec4 v0x60000278c120_0, 0;
    %jmp T_0.1;
T_0.0 ;
    %load/vec4 v0x60000278c1b0_0;
    %addi 1, 0, 2;
    %assign/vec4 v0x60000278c1b0_0, 0;
    %load/vec4 v0x60000278c1b0_0;
    %pad/u 32;
    %cmpi/e 0, 0, 32;
    %jmp/0xz  T_0.2, 4;
    %load/vec4 v0x60000278c120_0;
    %nor/r;
    %assign/vec4 v0x60000278c120_0, 0;
T_0.2 ;
T_0.1 ;
    %jmp T_0;
    .thread T_0;
    .scope S_0x137f04400;
T_1 ;
    %wait E_0x60000008a180;
    %load/vec4 v0x60000278c360_0;
    %nor/r;
    %flag_set/vec4 8;
    %jmp/0xz  T_1.0, 8;
    %pushi/vec4 31, 0, 6;
    %assign/vec4 v0x60000278c240_0, 0;
    %pushi/vec4 0, 0, 1;
    %assign/vec4 v0x60000278c480_0, 0;
    %pushi/vec4 0, 0, 1;
    %assign/vec4 v0x60000278c630_0, 0;
    %pushi/vec4 0, 0, 8;
    %assign/vec4 v0x60000278c5a0_0, 0;
    %pushi/vec4 0, 0, 16;
    %assign/vec4 v0x60000278c3f0_0, 0;
    %jmp T_1.1;
T_1.0 ;
    %load/vec4 v0x60000278c240_0;
    %pad/u 32;
    %cmpi/e 31, 0, 32;
    %jmp/0xz  T_1.2, 4;
    %pushi/vec4 0, 0, 6;
    %assign/vec4 v0x60000278c240_0, 0;
    %jmp T_1.3;
T_1.2 ;
    %load/vec4 v0x60000278c240_0;
    %addi 1, 0, 6;
    %assign/vec4 v0x60000278c240_0, 0;
T_1.3 ;
    %load/vec4 v0x60000278c240_0;
    %pad/u 32;
    %cmpi/u 16, 0, 32;
    %jmp/0xz  T_1.4, 5;
    %load/vec4 v0x60000278c3f0_0;
    %pushi/vec4 15, 0, 32;
    %load/vec4 v0x60000278c240_0;
    %pad/u 32;
    %sub;
    %part/u 1;
    %assign/vec4 v0x60000278c480_0, 0;
    %jmp T_1.5;
T_1.4 ;
    %load/vec4 v0x60000278c3f0_0;
    %pushi/vec4 15, 0, 32;
    %load/vec4 v0x60000278c240_0;
    %pad/u 32;
    %sub;
    %addi 16, 0, 32;
    %part/u 1;
    %assign/vec4 v0x60000278c480_0, 0;
T_1.5 ;
    %load/vec4 v0x60000278c240_0;
    %pad/u 32;
    %cmpi/e 31, 0, 32;
    %jmp/0xz  T_1.6, 4;
    %pushi/vec4 0, 0, 1;
    %assign/vec4 v0x60000278c630_0, 0;
T_1.6 ;
    %load/vec4 v0x60000278c240_0;
    %pad/u 32;
    %cmpi/e 15, 0, 32;
    %jmp/0xz  T_1.8, 4;
    %pushi/vec4 1, 0, 1;
    %assign/vec4 v0x60000278c630_0, 0;
T_1.8 ;
    %load/vec4 v0x60000278c240_0;
    %pad/u 32;
    %cmpi/e 31, 0, 32;
    %jmp/0xz  T_1.10, 4;
    %load/vec4 v0x60000278c1b0_0;
    %addi 1, 0, 2;
    %assign/vec4 v0x60000278c1b0_0, 0;
    %load/vec4 v0x60000278c5a0_0;
    %addi 1, 0, 8;
    %assign/vec4 v0x60000278c5a0_0, 0;
    %load/vec4 v0x60000278c5a0_0;
    %load/vec4 v0x60000278c510_0;
    %cmp/u;
    %jmp/0xz  T_1.12, 5;
    %pushi/vec4 32767, 0, 16;
    %assign/vec4 v0x60000278c3f0_0, 0;
    %jmp T_1.13;
T_1.12 ;
    %pushi/vec4 32768, 0, 16;
    %assign/vec4 v0x60000278c3f0_0, 0;
T_1.13 ;
T_1.10 ;
T_1.1 ;
    %jmp T_1;
    .thread T_1;
# The file index is used to find the file name in the following table.
:file_names 4;
    "N/A";
    "<interactive>";
    "-";
    "i2s_transmitter.sv";
