#! /Users/jesse/Software/oss-cad-suite/bin/vvp
:ivl_version "13.0 (devel)" "(s20250103-66-gd67d3323a)";
:ivl_delay_selection "TYPICAL";
:vpi_time_precision + 0;
:vpi_module "/Users/jesse/Software/oss-cad-suite/lib/ivl/system.vpi";
:vpi_module "/Users/jesse/Software/oss-cad-suite/lib/ivl/vhdl_sys.vpi";
:vpi_module "/Users/jesse/Software/oss-cad-suite/lib/ivl/vhdl_textio.vpi";
:vpi_module "/Users/jesse/Software/oss-cad-suite/lib/ivl/v2005_math.vpi";
:vpi_module "/Users/jesse/Software/oss-cad-suite/lib/ivl/va_math.vpi";
:vpi_module "/Users/jesse/Software/oss-cad-suite/lib/ivl/v2009.vpi";
S_0x154e04820 .scope package, "$unit" "$unit" 2 1;
 .timescale 0 0;
S_0x154e04990 .scope module, "nco" "nco" 3 18;
 .timescale 0 0;
    .port_info 0 /INPUT 1 "rst";
    .port_info 1 /INPUT 1 "master_clk";
    .port_info 2 /INPUT 1 "sample_clk_en";
    .port_info 3 /INPUT 1 "nco_mute";
    .port_info 4 /INPUT 32 "accumulator_increment_value";
    .port_info 5 /OUTPUT 16 "sample_output";
    .port_info 6 /OUTPUT 32 "accumulator_value";
    .port_info 7 /OUTPUT 16 "sample_li_offset";
o0x158018010 .functor BUFZ 32, c4<zzzzzzzzzzzzzzzzzzzzzzzzzzzzzzzz>; HiZ drive
v0x600001f54000_0 .net "accumulator_increment_value", 31 0, o0x158018010;  0 drivers
v0x600001f54090_0 .var "accumulator_value", 31 0;
v0x600001f54120_0 .var "add", 0 0;
o0x1580180a0 .functor BUFZ 1, c4<z>; HiZ drive
v0x600001f541b0_0 .net "master_clk", 0 0, o0x1580180a0;  0 drivers
v0x600001f54240_0 .var "multiply", 0 0;
o0x158018100 .functor BUFZ 1, c4<z>; HiZ drive
v0x600001f542d0_0 .net "nco_mute", 0 0, o0x158018100;  0 drivers
v0x600001f54360_0 .var "read_roms", 0 0;
o0x158018160 .functor BUFZ 1, c4<z>; HiZ drive
v0x600001f543f0_0 .net "rst", 0 0, o0x158018160;  0 drivers
v0x600001f54480_0 .var/s "sample", 15 0;
o0x1580181c0 .functor BUFZ 1, c4<z>; HiZ drive
v0x600001f54510_0 .net "sample_clk_en", 0 0, o0x1580181c0;  0 drivers
v0x600001f545a0_0 .var "sample_flag", 0 0;
v0x600001f54630_0 .var/s "sample_li_offset", 15 0;
v0x600001f546c0_0 .var/s "sample_output", 15 0;
v0x600001f54750_0 .var/s "slope", 15 0;
v0x600001f547e0 .array/s "waveform_rom", 31 0, 15 0;
v0x600001f54870 .array/s "waveform_slope_rom", 31 0, 15 0;
E_0x6000038542c0/0 .event negedge, v0x600001f543f0_0;
E_0x6000038542c0/1 .event posedge, v0x600001f541b0_0;
E_0x6000038542c0 .event/or E_0x6000038542c0/0, E_0x6000038542c0/1;
    .scope S_0x154e04990;
T_0 ;
    %vpi_call/w 3 38 "$readmemh", "waveform_rom.mem", v0x600001f547e0 {0 0 0};
    %vpi_call/w 3 39 "$readmemh", "waveform_slope_rom.mem", v0x600001f54870 {0 0 0};
    %end;
    .thread T_0;
    .scope S_0x154e04990;
T_1 ;
    %wait E_0x6000038542c0;
    %load/vec4 v0x600001f543f0_0;
    %nor/r;
    %flag_set/vec4 8;
    %jmp/1 T_1.2, 8;
    %load/vec4 v0x600001f542d0_0;
    %flag_set/vec4 9;
    %flag_or 8, 9;
T_1.2;
    %jmp/0xz  T_1.0, 8;
    %pushi/vec4 0, 0, 32;
    %assign/vec4 v0x600001f54090_0, 0;
    %pushi/vec4 0, 0, 16;
    %assign/vec4 v0x600001f54480_0, 0;
    %pushi/vec4 0, 0, 16;
    %assign/vec4 v0x600001f546c0_0, 0;
    %pushi/vec4 0, 0, 16;
    %assign/vec4 v0x600001f54750_0, 0;
    %pushi/vec4 0, 0, 1;
    %assign/vec4 v0x600001f545a0_0, 0;
    %pushi/vec4 0, 0, 1;
    %assign/vec4 v0x600001f54360_0, 0;
    %pushi/vec4 0, 0, 1;
    %assign/vec4 v0x600001f54240_0, 0;
    %pushi/vec4 0, 0, 1;
    %assign/vec4 v0x600001f54120_0, 0;
    %jmp T_1.1;
T_1.0 ;
    %load/vec4 v0x600001f545a0_0;
    %flag_set/vec4 8;
    %jmp/0xz  T_1.3, 8;
    %pushi/vec4 0, 0, 1;
    %assign/vec4 v0x600001f545a0_0, 0;
    %load/vec4 v0x600001f54090_0;
    %load/vec4 v0x600001f54000_0;
    %add;
    %assign/vec4 v0x600001f54090_0, 0;
    %pushi/vec4 1, 0, 1;
    %assign/vec4 v0x600001f54360_0, 0;
    %jmp T_1.4;
T_1.3 ;
    %load/vec4 v0x600001f54360_0;
    %flag_set/vec4 8;
    %jmp/0xz  T_1.5, 8;
    %pushi/vec4 0, 0, 1;
    %assign/vec4 v0x600001f54360_0, 0;
    %load/vec4 v0x600001f54090_0;
    %parti/s 5, 27, 6;
    %pad/u 7;
    %ix/vec4 4;
    %load/vec4a v0x600001f547e0, 4;
    %assign/vec4 v0x600001f54480_0, 0;
    %load/vec4 v0x600001f54090_0;
    %parti/s 5, 27, 6;
    %pad/u 7;
    %ix/vec4 4;
    %load/vec4a v0x600001f54870, 4;
    %assign/vec4 v0x600001f54750_0, 0;
    %pushi/vec4 1, 0, 1;
    %assign/vec4 v0x600001f54240_0, 0;
    %jmp T_1.6;
T_1.5 ;
    %load/vec4 v0x600001f54240_0;
    %flag_set/vec4 8;
    %jmp/0xz  T_1.7, 8;
    %pushi/vec4 0, 0, 16;
    %load/vec4 v0x600001f54090_0;
    %parti/s 27, 0, 2;
    %concat/vec4; draw_concat_vec4
    %load/vec4 v0x600001f54750_0;
    %pad/s 43;
    %ix/load 4, 2, 0;
    %flag_set/imm 4, 0;
    %shiftr/s 4;
    %mul;
    %ix/load 4, 27, 0;
    %flag_set/imm 4, 0;
    %shiftr/s 4;
    %pad/s 16;
    %assign/vec4 v0x600001f54630_0, 0;
    %pushi/vec4 0, 0, 1;
    %assign/vec4 v0x600001f54240_0, 0;
    %pushi/vec4 1, 0, 1;
    %assign/vec4 v0x600001f54120_0, 0;
    %jmp T_1.8;
T_1.7 ;
    %load/vec4 v0x600001f54120_0;
    %flag_set/vec4 8;
    %jmp/0xz  T_1.9, 8;
    %load/vec4 v0x600001f54480_0;
    %load/vec4 v0x600001f54630_0;
    %add;
    %assign/vec4 v0x600001f546c0_0, 0;
    %pushi/vec4 0, 0, 1;
    %assign/vec4 v0x600001f54120_0, 0;
T_1.9 ;
T_1.8 ;
T_1.6 ;
T_1.4 ;
    %load/vec4 v0x600001f54510_0;
    %flag_set/vec4 8;
    %jmp/0xz  T_1.11, 8;
    %pushi/vec4 1, 0, 1;
    %assign/vec4 v0x600001f545a0_0, 0;
T_1.11 ;
T_1.1 ;
    %jmp T_1;
    .thread T_1;
# The file index is used to find the file name in the following table.
:file_names 4;
    "N/A";
    "<interactive>";
    "-";
    "nco.sv";
